<?xml version="1.0" encoding="UTF-8"?>
<testng-results ignored="0" total="1" passed="1" failed="0" skipped="0">
  <reporter-output>
  </reporter-output>
  <suite started-at="2022-11-08T15:38:48 IST" name="Default suite" finished-at="2022-11-08T15:39:06 IST" duration-ms="18341">
    <groups>
    </groups>
    <test started-at="2022-11-08T15:38:48 IST" name="Default test" finished-at="2022-11-08T15:39:06 IST" duration-ms="18341">
      <class name="Excelclass.Uploadfile">
        <test-method signature="test1()[pri:0, instance:Excelclass.Uploadfile@28f2a10f]" started-at="2022-11-08T15:38:48 IST" name="test1" finished-at="2022-11-08T15:39:06 IST" duration-ms="18310" status="PASS">
          <reporter-output>
          </reporter-output>
        </test-method> <!-- test1 -->
      </class> <!-- Excelclass.Uploadfile -->
    </test> <!-- Default test -->
  </suite> <!-- Default suite -->
</testng-results>
