<?xml version="1.0" encoding="UTF-8"?>
<testng-results ignored="0" total="1" passed="1" failed="0" skipped="0">
  <reporter-output>
  </reporter-output>
  <suite started-at="2022-11-14T11:20:57 IST" name="Suite" finished-at="2022-11-14T11:22:29 IST" duration-ms="92551">
    <groups>
    </groups>
    <test started-at="2022-11-14T11:20:57 IST" name="Test" finished-at="2022-11-14T11:22:29 IST" duration-ms="92551">
      <class name="com.mystore.testcases.SauceCompleteTest$SauceProductTest">
        <test-method is-config="true" signature="setUp()[pri:0, instance:com.mystore.testcases.SauceCompleteTest$SauceProductTest@23c30a20]" started-at="2022-11-14T11:20:57 IST" name="setUp" finished-at="2022-11-14T11:21:05 IST" duration-ms="8331" status="PASS">
          <reporter-output>
          </reporter-output>
        </test-method> <!-- setUp -->
        <test-method signature="verifyProduct()[pri:0, instance:com.mystore.testcases.SauceCompleteTest$SauceProductTest@23c30a20]" started-at="2022-11-14T11:21:05 IST" name="verifyProduct" finished-at="2022-11-14T11:22:29 IST" duration-ms="83667" status="PASS">
          <reporter-output>
          </reporter-output>
        </test-method> <!-- verifyProduct -->
        <test-method is-config="true" signature="tearDown()[pri:0, instance:com.mystore.testcases.SauceCompleteTest$SauceProductTest@23c30a20]" started-at="2022-11-14T11:22:29 IST" name="tearDown" finished-at="2022-11-14T11:22:29 IST" duration-ms="118" status="PASS">
          <reporter-output>
          </reporter-output>
        </test-method> <!-- tearDown -->
      </class> <!-- com.mystore.testcases.SauceCompleteTest$SauceProductTest -->
    </test> <!-- Test -->
  </suite> <!-- Suite -->
</testng-results>
