<?xml version="1.0" encoding="UTF-8"?>
<!-- Generated by org.testng.reporters.JUnitXMLReporter -->
<testsuite ignored="0" hostname="Mayanks-MacBook-Air.local" failures="1" tests="1" name="Chrome Test" time="0.046" errors="0" timestamp="2022-10-27T11:29:48 IST">
  <testcase classname="Browserparameter.Multiplebrowserparameter" name="browserTest1" time="0.007">
    <failure type="java.lang.NullPointerException" message="Cannot invoke &amp;quot;org.openqa.selenium.WebDriver.get(String)&amp;quot; because &amp;quot;this.driver&amp;quot; is null">
      <![CDATA[java.lang.NullPointerException: Cannot invoke "org.openqa.selenium.WebDriver.get(String)" because "this.driver" is null
at Browserparameter.Multiplebrowserparameter.browserTest1(Multiplebrowserparameter.java:42)
at java.base/java.util.ArrayList.forEach(ArrayList.java:1511)
... Removed 27 stack frames]]>
    </failure>
  </testcase> <!-- browserTest1 -->
</testsuite> <!-- Chrome Test -->
